

Microchip MPLAB XC8 Assembler V2.20 build 20200408173844 
                                                                                               Tue Feb 02 19:38:34 2021

Microchip MPLAB XC8 C Compiler v2.20 (Free license) build 20200408173844 Og1 
     1                           	processor	18F4550
     2                           	fnconf	rparam,??,?,0
     3                           	pagewidth 120
     4                           	opt	flic
     5                           	psect	cinit,global,reloc=2,class=CODE,delta=1
     6                           	psect	cstackCOMRAM,global,class=COMRAM,space=1,delta=1,lowdata,noexec
     7                           	psect	text0,global,reloc=2,class=CODE,delta=1
     8                           	psect	text1,global,reloc=2,class=CODE,delta=1
     9                           	psect	intcode,global,reloc=2,class=CODE,delta=1
    10                           	psect	intcode_body,global,reloc=2,class=CODE,delta=1
    11                           	psect	intsave_regs,global,class=BIGRAM,space=1,delta=1,noexec
    12                           	psect	rparam,global,class=COMRAM,space=1,delta=1,noexec
    13                           	psect	temp,global,ovrld,common,class=COMRAM,space=1,delta=1
    14                           	psect	idloc,global,abs,ovrld,class=IDLOC,space=5,delta=1,noexec
    15                           	psect	config,global,abs,ovrld,class=CONFIG,space=4,delta=1,noexec
    16  0000                     
    17                           ; Version 2.20
    18                           ; Generated 12/02/2020 GMT
    19                           ; 
    20                           ; Copyright © 2020, Microchip Technology Inc. and its subsidiaries ("Microchip")
    21                           ; All rights reserved.
    22                           ; 
    23                           ; This software is developed by Microchip Technology Inc. and its subsidiaries ("Microch
      +                          ip").
    24                           ; 
    25                           ; Redistribution and use in source and binary forms, with or without modification, are
    26                           ; permitted provided that the following conditions are met:
    27                           ; 
    28                           ;     1. Redistributions of source code must retain the above copyright notice, this lis
      +                          t of
    29                           ;        conditions and the following disclaimer.
    30                           ; 
    31                           ;     2. Redistributions in binary form must reproduce the above copyright notice, this 
      +                          list
    32                           ;        of conditions and the following disclaimer in the documentation and/or other
    33                           ;        materials provided with the distribution.
    34                           ; 
    35                           ;     3. Microchip's name may not be used to endorse or promote products derived from th
      +                          is
    36                           ;        software without specific prior written permission.
    37                           ; 
    38                           ; THIS SOFTWARE IS PROVIDED BY MICROCHIP "AS IS" AND ANY EXPRESS OR IMPLIED WARRANTIES,
    39                           ; INCLUDING, BUT NOT LIMITED TO, THE IMPLIED WARRANTIES OF MERCHANTABILITY AND FITNESS F
      +                          OR
    40                           ; PURPOSE ARE DISCLAIMED.  IN NO EVENT SHALL MICROCHIP BE LIABLE FOR ANY DIRECT, INDIREC
      +                          T,
    41                           ; INCIDENTAL, SPECIAL, EXEMPLARY, OR CONSEQUENTIAL DAMAGES (INCLUDING BUT NOT LIMITED TO
    42                           ; PROCUREMENT OF SUBSTITUTE GOODS OR SERVICES; LOSS OF USE, DATA OR PROFITS; OR BUSINESS
    43                           ; INTERRUPTION) HOWSOEVER CAUSED AND ON ANY THEORY OF LIABILITY, WHETHER IN CONTRACT, ST
      +                          RICT
    44                           ; LIABILITY, OR TORT (INCLUDING NEGLIGENCE OR OTHERWISE) ARISING IN ANY WAY OUT OF THE U
      +                          SE OF
    45                           ; THIS SOFTWARE, EVEN IF ADVISED OF THE POSSIBILITY OF SUCH DAMAGE.
    46                           ; 
    47                           ; 
    48                           ; Code-generator required, PIC18F4550 Definitions
    49                           ; 
    50                           ; SFR Addresses
    51  0000                     _INTCON2bits	set	4081
    52  0000                     _INTCONbits	set	4082
    53  0000                     _TRISBbits	set	3987
    54  0000                     _LATDbits	set	3980
    55  0000                     _TRISDbits	set	3989
    56                           
    57                           ; #config settings
    58                           
    59                           	psect	cinit
    60  000058                     __pcinit:
    61                           	callstack 0
    62  000058                     start_initialization:
    63                           	callstack 0
    64  000058                     __initialization:
    65                           	callstack 0
    66  000058                     end_of_initialization:
    67                           	callstack 0
    68  000058                     __end_of__initialization:
    69                           	callstack 0
    70  000058  9002               	bcf	int$flags,0,c	;clear compiler interrupt flag (level 1)
    71  00005A  9202               	bcf	int$flags,1,c	;clear compiler interrupt flag (level 2)
    72  00005C  0100               	movlb	0
    73  00005E  EF1D  F000         	goto	_main	;jump to C main() function
    74                           
    75                           	psect	cstackCOMRAM
    76  000001                     __pcstackCOMRAM:
    77                           	callstack 0
    78  000001                     ??_INT0_ISR:
    79                           
    80                           ; 1 bytes @ 0x0
    81  000001                     	ds	1
    82  000002                     
    83                           ; 1 bytes @ 0x1
    84 ;;
    85 ;;Main: autosize = 0, tempsize = 0, incstack = 0, save=0
    86 ;;
    87 ;; *************** function _main *****************
    88 ;; Defined at:
    89 ;;		line 12 in file "Programa_principal.c"
    90 ;; Parameters:    Size  Location     Type
    91 ;;		None
    92 ;; Auto vars:     Size  Location     Type
    93 ;;		None
    94 ;; Return value:  Size  Location     Type
    95 ;;                  1    wreg      void 
    96 ;; Registers used:
    97 ;;		cstack
    98 ;; Tracked objects:
    99 ;;		On entry : 0/0
   100 ;;		On exit  : 0/0
   101 ;;		Unchanged: 0/0
   102 ;; Data sizes:     COMRAM   BANK0   BANK1   BANK2   BANK3   BANK4   BANK5   BANK6   BANK7
   103 ;;      Params:         0       0       0       0       0       0       0       0       0
   104 ;;      Locals:         0       0       0       0       0       0       0       0       0
   105 ;;      Temps:          0       0       0       0       0       0       0       0       0
   106 ;;      Totals:         0       0       0       0       0       0       0       0       0
   107 ;;Total ram usage:        0 bytes
   108 ;; Hardware stack levels required when called:    2
   109 ;; This function calls:
   110 ;;		_Int_Init
   111 ;; This function is called by:
   112 ;;		Startup code after reset
   113 ;; This function uses a non-reentrant model
   114 ;;
   115                           
   116                           	psect	text0
   117  00003A                     __ptext0:
   118                           	callstack 0
   119  00003A                     _main:
   120                           	callstack 29
   121  00003A                     
   122                           ;Programa_principal.c: 13:     Int_Init();
   123  00003A  EC25  F000         	call	_Int_Init	;wreg free
   124  00003E                     
   125                           ;Programa_principal.c: 14:     TRISDbits.RD0 = 0;
   126  00003E  9095               	bcf	149,0,c	;volatile
   127  000040                     
   128                           ;Programa_principal.c: 15:     LATDbits.LATD0 = 0;
   129  000040  908C               	bcf	140,0,c	;volatile
   130  000042                     l11:
   131  000042  EF21  F000         	goto	l11
   132  000046  EF07  F000         	goto	start
   133  00004A                     __end_of_main:
   134                           	callstack 0
   135                           
   136 ;; *************** function _Int_Init *****************
   137 ;; Defined at:
   138 ;;		line 5 in file "Interrupcion.c"
   139 ;; Parameters:    Size  Location     Type
   140 ;;		None
   141 ;; Auto vars:     Size  Location     Type
   142 ;;		None
   143 ;; Return value:  Size  Location     Type
   144 ;;                  1    wreg      void 
   145 ;; Registers used:
   146 ;;		None
   147 ;; Tracked objects:
   148 ;;		On entry : 0/0
   149 ;;		On exit  : 0/0
   150 ;;		Unchanged: 0/0
   151 ;; Data sizes:     COMRAM   BANK0   BANK1   BANK2   BANK3   BANK4   BANK5   BANK6   BANK7
   152 ;;      Params:         0       0       0       0       0       0       0       0       0
   153 ;;      Locals:         0       0       0       0       0       0       0       0       0
   154 ;;      Temps:          0       0       0       0       0       0       0       0       0
   155 ;;      Totals:         0       0       0       0       0       0       0       0       0
   156 ;;Total ram usage:        0 bytes
   157 ;; Hardware stack levels used:    1
   158 ;; Hardware stack levels required when called:    1
   159 ;; This function calls:
   160 ;;		Nothing
   161 ;; This function is called by:
   162 ;;		_main
   163 ;; This function uses a non-reentrant model
   164 ;;
   165                           
   166                           	psect	text1
   167  00004A                     __ptext1:
   168                           	callstack 0
   169  00004A                     _Int_Init:
   170                           	callstack 29
   171  00004A                     
   172                           ;Interrupcion.c: 6:     TRISBbits.RB0 = 1;
   173  00004A  8093               	bsf	147,0,c	;volatile
   174                           
   175                           ;Interrupcion.c: 7:     INTCONbits.INT0IE = 1;
   176  00004C  88F2               	bsf	242,4,c	;volatile
   177                           
   178                           ;Interrupcion.c: 8:     INTCONbits.INT0IF = 0;
   179  00004E  92F2               	bcf	242,1,c	;volatile
   180                           
   181                           ;Interrupcion.c: 9:     INTCON2bits.INTEDG0 = 0;
   182  000050  9CF1               	bcf	241,6,c	;volatile
   183                           
   184                           ;Interrupcion.c: 10:     INTCONbits.PEIE = 1;
   185  000052  8CF2               	bsf	242,6,c	;volatile
   186                           
   187                           ;Interrupcion.c: 11:     INTCONbits.GIE = 1;
   188  000054  8EF2               	bsf	242,7,c	;volatile
   189  000056  0012               	return		;funcret
   190  000058                     __end_of_Int_Init:
   191                           	callstack 0
   192                           
   193 ;; *************** function _INT0_ISR *****************
   194 ;; Defined at:
   195 ;;		line 15 in file "Interrupcion.c"
   196 ;; Parameters:    Size  Location     Type
   197 ;;		None
   198 ;; Auto vars:     Size  Location     Type
   199 ;;		None
   200 ;; Return value:  Size  Location     Type
   201 ;;                  1    wreg      void 
   202 ;; Registers used:
   203 ;;		wreg, status,2, status,0
   204 ;; Tracked objects:
   205 ;;		On entry : 0/0
   206 ;;		On exit  : 0/0
   207 ;;		Unchanged: 0/0
   208 ;; Data sizes:     COMRAM   BANK0   BANK1   BANK2   BANK3   BANK4   BANK5   BANK6   BANK7
   209 ;;      Params:         0       0       0       0       0       0       0       0       0
   210 ;;      Locals:         0       0       0       0       0       0       0       0       0
   211 ;;      Temps:          1       0       0       0       0       0       0       0       0
   212 ;;      Totals:         1       0       0       0       0       0       0       0       0
   213 ;;Total ram usage:        1 bytes
   214 ;; Hardware stack levels used:    1
   215 ;; This function calls:
   216 ;;		Nothing
   217 ;; This function is called by:
   218 ;;		Interrupt level 2
   219 ;; This function uses a non-reentrant model
   220 ;;
   221                           
   222                           	psect	intcode
   223  000008                     __pintcode:
   224                           	callstack 0
   225  000008                     _INT0_ISR:
   226                           	callstack 29
   227                           
   228                           ;incstack = 0
   229  000008  8202               	bsf	int$flags,1,c	;set compiler interrupt flag (level 2)
   230  00000A  ED09  F000         	call	int_func,f	;refresh shadow registers
   231                           
   232                           	psect	intcode_body
   233  000012                     __pintcode_body:
   234                           	callstack 29
   235  000012                     int_func:
   236                           	callstack 29
   237  000012  0006               	pop		; remove dummy address from shadow register refresh
   238  000014                     
   239                           ;Interrupcion.c: 16:     LATDbits.LATD0 = ~LATDbits.LATD0;
   240  000014  B08C               	btfsc	140,0,c	;volatile
   241  000016  EF0F  F000         	goto	i2u1_41
   242  00001A  EF12  F000         	goto	i2u1_40
   243  00001E                     i2u1_41:
   244  00001E  0E01               	movlw	1
   245  000020  EF13  F000         	goto	i2u1_46
   246  000024                     i2u1_40:
   247  000024  0E00               	movlw	0
   248  000026                     i2u1_46:
   249  000026  0AFF               	xorlw	255
   250  000028  6E01               	movwf	??_INT0_ISR^0,c
   251  00002A  508C               	movf	140,w,c	;volatile
   252  00002C  1801               	xorwf	??_INT0_ISR^0,w,c
   253  00002E  0BFE               	andlw	-2
   254  000030  1801               	xorwf	??_INT0_ISR^0,w,c
   255  000032  6E8C               	movwf	140,c	;volatile
   256  000034                     
   257                           ;Interrupcion.c: 17:     INTCONbits.INT0IF = 0;
   258  000034  92F2               	bcf	242,1,c	;volatile
   259  000036  9202               	bcf	int$flags,1,c	;clear compiler interrupt flag (level 2)
   260  000038  0011               	retfie		f
   261  00003A                     __end_of_INT0_ISR:
   262                           	callstack 0
   263  0000                     
   264                           	psect	rparam
   265  0000                     
   266                           	psect	temp
   267  000002                     btemp:
   268                           	callstack 0
   269  000002                     	ds	1
   270  0000                     int$flags	set	btemp
   271  0000                     wtemp8	set	btemp+1
   272  0000                     ttemp5	set	btemp+1
   273  0000                     ttemp6	set	btemp+4
   274  0000                     ttemp7	set	btemp+8
   275                           
   276                           	psect	idloc
   277                           
   278                           ;Config register IDLOC0 @ 0x200000
   279                           ;	unspecified, using default values
   280  200000                     	org	2097152
   281  200000  FF                 	db	255
   282                           
   283                           ;Config register IDLOC1 @ 0x200001
   284                           ;	unspecified, using default values
   285  200001                     	org	2097153
   286  200001  FF                 	db	255
   287                           
   288                           ;Config register IDLOC2 @ 0x200002
   289                           ;	unspecified, using default values
   290  200002                     	org	2097154
   291  200002  FF                 	db	255
   292                           
   293                           ;Config register IDLOC3 @ 0x200003
   294                           ;	unspecified, using default values
   295  200003                     	org	2097155
   296  200003  FF                 	db	255
   297                           
   298                           ;Config register IDLOC4 @ 0x200004
   299                           ;	unspecified, using default values
   300  200004                     	org	2097156
   301  200004  FF                 	db	255
   302                           
   303                           ;Config register IDLOC5 @ 0x200005
   304                           ;	unspecified, using default values
   305  200005                     	org	2097157
   306  200005  FF                 	db	255
   307                           
   308                           ;Config register IDLOC6 @ 0x200006
   309                           ;	unspecified, using default values
   310  200006                     	org	2097158
   311  200006  FF                 	db	255
   312                           
   313                           ;Config register IDLOC7 @ 0x200007
   314                           ;	unspecified, using default values
   315  200007                     	org	2097159
   316  200007  FF                 	db	255
   317                           
   318                           	psect	config
   319                           
   320                           ;Config register CONFIG1L @ 0x300000
   321                           ;	PLL Prescaler Selection bits
   322                           ;	PLLDIV = 1, No prescale (4 MHz oscillator input drives PLL directly)
   323                           ;	System Clock Postscaler Selection bits
   324                           ;	CPUDIV = OSC1_PLL2, [Primary Oscillator Src: /1][96 MHz PLL Src: /2]
   325                           ;	USB Clock Selection bit (used in Full-Speed USB mode only; UCFG:FSEN = 1)
   326                           ;	USBDIV = 1, USB clock source comes directly from the primary oscillator block with no 
      +                          postscale
   327  300000                     	org	3145728
   328  300000  00                 	db	0
   329                           
   330                           ;Config register CONFIG1H @ 0x300001
   331                           ;	Oscillator Selection bits
   332                           ;	FOSC = HS, HS oscillator (HS)
   333                           ;	Fail-Safe Clock Monitor Enable bit
   334                           ;	FCMEN = OFF, Fail-Safe Clock Monitor disabled
   335                           ;	Internal/External Oscillator Switchover bit
   336                           ;	IESO = OFF, Oscillator Switchover mode disabled
   337  300001                     	org	3145729
   338  300001  0C                 	db	12
   339                           
   340                           ;Config register CONFIG2L @ 0x300002
   341                           ;	Power-up Timer Enable bit
   342                           ;	PWRT = ON, PWRT enabled
   343                           ;	Brown-out Reset Enable bits
   344                           ;	BOR = OFF, Brown-out Reset disabled in hardware and software
   345                           ;	Brown-out Reset Voltage bits
   346                           ;	BORV = 3, Minimum setting 2.05V
   347                           ;	USB Voltage Regulator Enable bit
   348                           ;	VREGEN = OFF, USB voltage regulator disabled
   349  300002                     	org	3145730
   350  300002  18                 	db	24
   351                           
   352                           ;Config register CONFIG2H @ 0x300003
   353                           ;	Watchdog Timer Enable bit
   354                           ;	WDT = OFF, WDT disabled (control is placed on the SWDTEN bit)
   355                           ;	Watchdog Timer Postscale Select bits
   356                           ;	WDTPS = 32768, 1:32768
   357  300003                     	org	3145731
   358  300003  1E                 	db	30
   359                           
   360                           ; Padding undefined space
   361  300004                     	org	3145732
   362  300004  FF                 	db	255
   363                           
   364                           ;Config register CONFIG3H @ 0x300005
   365                           ;	CCP2 MUX bit
   366                           ;	CCP2MX = ON, CCP2 input/output is multiplexed with RC1
   367                           ;	PORTB A/D Enable bit
   368                           ;	PBADEN = OFF, PORTB<4:0> pins are configured as digital I/O on Reset
   369                           ;	Low-Power Timer 1 Oscillator Enable bit
   370                           ;	LPT1OSC = OFF, Timer1 configured for higher power operation
   371                           ;	MCLR Pin Enable bit
   372                           ;	MCLRE = ON, MCLR pin enabled; RE3 input pin disabled
   373  300005                     	org	3145733
   374  300005  81                 	db	129
   375                           
   376                           ;Config register CONFIG4L @ 0x300006
   377                           ;	Stack Full/Underflow Reset Enable bit
   378                           ;	STVREN = OFF, Stack full/underflow will not cause Reset
   379                           ;	Single-Supply ICSP Enable bit
   380                           ;	LVP = ON, Single-Supply ICSP enabled
   381                           ;	Dedicated In-Circuit Debug/Programming Port (ICPORT) Enable bit
   382                           ;	ICPRT = OFF, ICPORT disabled
   383                           ;	Extended Instruction Set Enable bit
   384                           ;	XINST = OFF, Instruction set extension and Indexed Addressing mode disabled (Legacy mo
      +                          de)
   385                           ;	Background Debugger Enable bit
   386                           ;	DEBUG = 0x1, unprogrammed default
   387  300006                     	org	3145734
   388  300006  84                 	db	132
   389                           
   390                           ; Padding undefined space
   391  300007                     	org	3145735
   392  300007  FF                 	db	255
   393                           
   394                           ;Config register CONFIG5L @ 0x300008
   395                           ;	Code Protection bit
   396                           ;	CP0 = OFF, Block 0 (000800-001FFFh) is not code-protected
   397                           ;	Code Protection bit
   398                           ;	CP1 = OFF, Block 1 (002000-003FFFh) is not code-protected
   399                           ;	Code Protection bit
   400                           ;	CP2 = OFF, Block 2 (004000-005FFFh) is not code-protected
   401                           ;	Code Protection bit
   402                           ;	CP3 = OFF, Block 3 (006000-007FFFh) is not code-protected
   403  300008                     	org	3145736
   404  300008  0F                 	db	15
   405                           
   406                           ;Config register CONFIG5H @ 0x300009
   407                           ;	Boot Block Code Protection bit
   408                           ;	CPB = OFF, Boot block (000000-0007FFh) is not code-protected
   409                           ;	Data EEPROM Code Protection bit
   410                           ;	CPD = OFF, Data EEPROM is not code-protected
   411  300009                     	org	3145737
   412  300009  C0                 	db	192
   413                           
   414                           ;Config register CONFIG6L @ 0x30000A
   415                           ;	Write Protection bit
   416                           ;	WRT0 = OFF, Block 0 (000800-001FFFh) is not write-protected
   417                           ;	Write Protection bit
   418                           ;	WRT1 = OFF, Block 1 (002000-003FFFh) is not write-protected
   419                           ;	Write Protection bit
   420                           ;	WRT2 = OFF, Block 2 (004000-005FFFh) is not write-protected
   421                           ;	Write Protection bit
   422                           ;	WRT3 = OFF, Block 3 (006000-007FFFh) is not write-protected
   423  30000A                     	org	3145738
   424  30000A  0F                 	db	15
   425                           
   426                           ;Config register CONFIG6H @ 0x30000B
   427                           ;	Configuration Register Write Protection bit
   428                           ;	WRTC = OFF, Configuration registers (300000-3000FFh) are not write-protected
   429                           ;	Boot Block Write Protection bit
   430                           ;	WRTB = OFF, Boot block (000000-0007FFh) is not write-protected
   431                           ;	Data EEPROM Write Protection bit
   432                           ;	WRTD = OFF, Data EEPROM is not write-protected
   433  30000B                     	org	3145739
   434  30000B  E0                 	db	224
   435                           
   436                           ;Config register CONFIG7L @ 0x30000C
   437                           ;	Table Read Protection bit
   438                           ;	EBTR0 = OFF, Block 0 (000800-001FFFh) is not protected from table reads executed in ot
      +                          her blocks
   439                           ;	Table Read Protection bit
   440                           ;	EBTR1 = OFF, Block 1 (002000-003FFFh) is not protected from table reads executed in ot
      +                          her blocks
   441                           ;	Table Read Protection bit
   442                           ;	EBTR2 = OFF, Block 2 (004000-005FFFh) is not protected from table reads executed in ot
      +                          her blocks
   443                           ;	Table Read Protection bit
   444                           ;	EBTR3 = OFF, Block 3 (006000-007FFFh) is not protected from table reads executed in ot
      +                          her blocks
   445  30000C                     	org	3145740
   446  30000C  0F                 	db	15
   447                           
   448                           ;Config register CONFIG7H @ 0x30000D
   449                           ;	Boot Block Table Read Protection bit
   450                           ;	EBTRB = OFF, Boot block (000000-0007FFh) is not protected from table reads executed in
      +                           other blocks
   451  30000D                     	org	3145741
   452  30000D  40                 	db	64
   453                           tosu	equ	0xFFF
   454                           tosh	equ	0xFFE
   455                           tosl	equ	0xFFD
   456                           stkptr	equ	0xFFC
   457                           pclatu	equ	0xFFB
   458                           pclath	equ	0xFFA
   459                           pcl	equ	0xFF9
   460                           tblptru	equ	0xFF8
   461                           tblptrh	equ	0xFF7
   462                           tblptrl	equ	0xFF6
   463                           tablat	equ	0xFF5
   464                           prodh	equ	0xFF4
   465                           prodl	equ	0xFF3
   466                           indf0	equ	0xFEF
   467                           postinc0	equ	0xFEE
   468                           postdec0	equ	0xFED
   469                           preinc0	equ	0xFEC
   470                           plusw0	equ	0xFEB
   471                           fsr0h	equ	0xFEA
   472                           fsr0l	equ	0xFE9
   473                           wreg	equ	0xFE8
   474                           indf1	equ	0xFE7
   475                           postinc1	equ	0xFE6
   476                           postdec1	equ	0xFE5
   477                           preinc1	equ	0xFE4
   478                           plusw1	equ	0xFE3
   479                           fsr1h	equ	0xFE2
   480                           fsr1l	equ	0xFE1
   481                           bsr	equ	0xFE0
   482                           indf2	equ	0xFDF
   483                           postinc2	equ	0xFDE
   484                           postdec2	equ	0xFDD
   485                           preinc2	equ	0xFDC
   486                           plusw2	equ	0xFDB
   487                           fsr2h	equ	0xFDA
   488                           fsr2l	equ	0xFD9
   489                           status	equ	0xFD8

Data Sizes:
    Strings     0
    Constant    0
    Data        0
    BSS         0
    Persistent  0
    Stack       0

Auto Spaces:
    Space          Size  Autos    Used
    COMRAM           94      1       1
    BANK0           160      0       0
    BANK1           256      0       0
    BANK2           256      0       0
    BANK3           256      0       0
    BANK4           256      0       0
    BANK5           256      0       0
    BANK6           256      0       0
    BANK7           256      0       0

Pointer List with Targets:

    None.

Critical Paths under _main in COMRAM

    None.

Critical Paths under _INT0_ISR in COMRAM

    None.

Critical Paths under _main in BANK0

    None.

Critical Paths under _INT0_ISR in BANK0

    None.

Critical Paths under _main in BANK1

    None.

Critical Paths under _INT0_ISR in BANK1

    None.

Critical Paths under _main in BANK2

    None.

Critical Paths under _INT0_ISR in BANK2

    None.

Critical Paths under _main in BANK3

    None.

Critical Paths under _INT0_ISR in BANK3

    None.

Critical Paths under _main in BANK4

    None.

Critical Paths under _INT0_ISR in BANK4

    None.

Critical Paths under _main in BANK5

    None.

Critical Paths under _INT0_ISR in BANK5

    None.

Critical Paths under _main in BANK6

    None.

Critical Paths under _INT0_ISR in BANK6

    None.

Critical Paths under _main in BANK7

    None.

Critical Paths under _INT0_ISR in BANK7

    None.

Call Graph Tables:

 ---------------------------------------------------------------------------------
 (Depth) Function   	        Calls       Base Space   Used Autos Params    Refs
 ---------------------------------------------------------------------------------
 (0) _main                                                 0     0      0       0
                           _Int_Init
 ---------------------------------------------------------------------------------
 (1) _Int_Init                                             0     0      0       0
 ---------------------------------------------------------------------------------
 Estimated maximum stack depth 1
 ---------------------------------------------------------------------------------
 (Depth) Function   	        Calls       Base Space   Used Autos Params    Refs
 ---------------------------------------------------------------------------------
 (2) _INT0_ISR                                             1     1      0       0
                                              0 COMRAM     1     1      0
 ---------------------------------------------------------------------------------
 Estimated maximum stack depth 2
 ---------------------------------------------------------------------------------

 Call Graph Graphs:

 _main (ROOT)
   _Int_Init

 _INT0_ISR (ROOT)

 Address spaces:
Name               Size   Autos  Total    Cost      Usage
BITCOMRAM           5E      0       0       0        0.0%
EEDATA             100      0       0       0        0.0%
NULL                 0      0       0       0        0.0%
CODE                 0      0       0       0        0.0%
COMRAM              5E      1       1       1        1.1%
STACK                0      0       0       2        0.0%
DATA                 0      0       0       3        0.0%
BITBANK0            A0      0       0       4        0.0%
BANK0               A0      0       0       5        0.0%
BITBANK1           100      0       0       6        0.0%
BANK1              100      0       0       7        0.0%
BITBANK2           100      0       0       8        0.0%
BANK2              100      0       0       9        0.0%
BITBANK3           100      0       0      10        0.0%
BANK3              100      0       0      11        0.0%
BITBANK4           100      0       0      12        0.0%
BANK4              100      0       0      13        0.0%
BITBANK5           100      0       0      14        0.0%
BANK5              100      0       0      15        0.0%
BITBANK6           100      0       0      16        0.0%
BANK6              100      0       0      17        0.0%
BITBANK7           100      0       0      18        0.0%
BANK7              100      0       0      19        0.0%
ABS                  0      0       0      20        0.0%
BIGRAM             7FF      0       0      21        0.0%
BITSFR               0      0       0     200        0.0%
SFR                  0      0       0     200        0.0%


Microchip Technology PIC18 Macro Assembler V2.20 build 20200408173844 
Symbol Table                                                                                   Tue Feb 02 19:38:34 2021

                     l11 0042                       l12 0042                       l25 0056  
                    l710 003E                      l712 0040                      l706 004A  
                    l708 003A                     i2l30 0036                     _main 003A  
                   btemp 0002                     start 000E             ___param_bank 000000  
       __end_of_INT0_ISR 003A                    ?_main 0001                    i2l714 0014  
                  i2l716 0034                    ttemp5 0003                    ttemp6 0006  
                  ttemp7 000A                    wtemp8 0003          __initialization 0058  
           __end_of_main 004A         __end_of_Int_Init 0058                   ??_main 0002  
          __activetblptr 000000                   i2u1_40 0024                   i2u1_41 001E  
                 i2u1_46 0026               __accesstop 0060  __end_of__initialization 0058  
              ?_INT0_ISR 0001            ___rparam_used 000001           __pcstackCOMRAM 0001  
              ?_Int_Init 0001               ??_INT0_ISR 0001               ??_Int_Init 0002  
                __Hparam 0000                  __Lparam 0000                  __pcinit 0058  
                __ramtop 0800                  __ptext0 003A                  __ptext1 004A  
         __pintcode_body 0012     end_of_initialization 0058                  int_func 0012  
              _TRISBbits 000F93                _TRISDbits 000F95        __size_of_INT0_ISR 0032  
    start_initialization 0058        __size_of_Int_Init 000E                __pintcode 0008  
               _INT0_ISR 0008                 _LATDbits 000F8C              _INTCON2bits 000FF1  
               _Int_Init 004A                 __Hrparam 0000                 __Lrparam 0000  
          __size_of_main 0010                 int$flags 0002               _INTCONbits 000FF2  
               intlevel2 0000  
