

Microchip MPLAB XC8 Assembler V2.20 build 20200408173844 
                                                                                               Tue Feb 09 20:20:53 2021

Microchip MPLAB XC8 C Compiler v2.20 (Free license) build 20200408173844 Og1 
     1                           	processor	18F4550
     2                           	fnconf	rparam,??,?,0
     3                           	pagewidth 120
     4                           	opt	flic
     5                           	psect	cinit,global,reloc=2,class=CODE,delta=1
     6                           	psect	cstackCOMRAM,global,class=COMRAM,space=1,delta=1,lowdata,noexec
     7                           	psect	text0,global,reloc=2,class=CODE,delta=1
     8                           	psect	text1,global,reloc=2,class=CODE,delta=1
     9                           	psect	text2,global,reloc=2,class=CODE,delta=1
    10                           	psect	intsave_regs,global,class=BIGRAM,space=1,delta=1,noexec
    11                           	psect	rparam,global,class=COMRAM,space=1,delta=1,noexec
    12                           	psect	idloc,global,abs,ovrld,class=IDLOC,space=5,delta=1,noexec
    13                           	psect	config,global,abs,ovrld,class=CONFIG,space=4,delta=1,noexec
    14  0000                     
    15                           ; Version 2.20
    16                           ; Generated 12/02/2020 GMT
    17                           ; 
    18                           ; Copyright © 2020, Microchip Technology Inc. and its subsidiaries ("Microchip")
    19                           ; All rights reserved.
    20                           ; 
    21                           ; This software is developed by Microchip Technology Inc. and its subsidiaries ("Microch
      +                          ip").
    22                           ; 
    23                           ; Redistribution and use in source and binary forms, with or without modification, are
    24                           ; permitted provided that the following conditions are met:
    25                           ; 
    26                           ;     1. Redistributions of source code must retain the above copyright notice, this lis
      +                          t of
    27                           ;        conditions and the following disclaimer.
    28                           ; 
    29                           ;     2. Redistributions in binary form must reproduce the above copyright notice, this 
      +                          list
    30                           ;        of conditions and the following disclaimer in the documentation and/or other
    31                           ;        materials provided with the distribution.
    32                           ; 
    33                           ;     3. Microchip's name may not be used to endorse or promote products derived from th
      +                          is
    34                           ;        software without specific prior written permission.
    35                           ; 
    36                           ; THIS SOFTWARE IS PROVIDED BY MICROCHIP "AS IS" AND ANY EXPRESS OR IMPLIED WARRANTIES,
    37                           ; INCLUDING, BUT NOT LIMITED TO, THE IMPLIED WARRANTIES OF MERCHANTABILITY AND FITNESS F
      +                          OR
    38                           ; PURPOSE ARE DISCLAIMED.  IN NO EVENT SHALL MICROCHIP BE LIABLE FOR ANY DIRECT, INDIREC
      +                          T,
    39                           ; INCIDENTAL, SPECIAL, EXEMPLARY, OR CONSEQUENTIAL DAMAGES (INCLUDING BUT NOT LIMITED TO
    40                           ; PROCUREMENT OF SUBSTITUTE GOODS OR SERVICES; LOSS OF USE, DATA OR PROFITS; OR BUSINESS
    41                           ; INTERRUPTION) HOWSOEVER CAUSED AND ON ANY THEORY OF LIABILITY, WHETHER IN CONTRACT, ST
      +                          RICT
    42                           ; LIABILITY, OR TORT (INCLUDING NEGLIGENCE OR OTHERWISE) ARISING IN ANY WAY OUT OF THE U
      +                          SE OF
    43                           ; THIS SOFTWARE, EVEN IF ADVISED OF THE POSSIBILITY OF SUCH DAMAGE.
    44                           ; 
    45                           ; 
    46                           ; Code-generator required, PIC18F4550 Definitions
    47                           ; 
    48                           ; SFR Addresses
    49  0000                     _EECON2	set	4007
    50  0000                     _EECON1bits	set	4006
    51  0000                     _EEDATA	set	4008
    52  0000                     _EEADR	set	4009
    53  0000                     _LATD	set	3980
    54  0000                     _TRISD	set	3989
    55                           
    56                           ; #config settings
    57                           
    58                           	psect	cinit
    59  007FAE                     __pcinit:
    60                           	callstack 0
    61  007FAE                     start_initialization:
    62                           	callstack 0
    63  007FAE                     __initialization:
    64                           	callstack 0
    65  007FAE                     end_of_initialization:
    66                           	callstack 0
    67  007FAE                     __end_of__initialization:
    68                           	callstack 0
    69  007FAE  0100               	movlb	0
    70  007FB0  EFF1  F03F         	goto	_main	;jump to C main() function
    71                           
    72                           	psect	cstackCOMRAM
    73  000001                     __pcstackCOMRAM:
    74                           	callstack 0
    75  000001                     EEPROM_Write@dato:
    76                           	callstack 0
    77  000001                     EEPROM_Read@dir:
    78                           	callstack 0
    79                           
    80                           ; 1 bytes @ 0x0
    81  000001                     	ds	1
    82  000002                     EEPROM_Write@dir:
    83                           	callstack 0
    84                           
    85                           ; 1 bytes @ 0x1
    86  000002                     	ds	1
    87  000003                     
    88                           ; 1 bytes @ 0x2
    89 ;;
    90 ;;Main: autosize = 0, tempsize = 0, incstack = 0, save=0
    91 ;;
    92 ;; *************** function _main *****************
    93 ;; Defined at:
    94 ;;		line 13 in file "Programa_principal.c"
    95 ;; Parameters:    Size  Location     Type
    96 ;;		None
    97 ;; Auto vars:     Size  Location     Type
    98 ;;		None
    99 ;; Return value:  Size  Location     Type
   100 ;;                  1    wreg      void 
   101 ;; Registers used:
   102 ;;		wreg, status,2, cstack
   103 ;; Tracked objects:
   104 ;;		On entry : 0/0
   105 ;;		On exit  : 0/0
   106 ;;		Unchanged: 0/0
   107 ;; Data sizes:     COMRAM   BANK0   BANK1   BANK2   BANK3   BANK4   BANK5   BANK6   BANK7
   108 ;;      Params:         0       0       0       0       0       0       0       0       0
   109 ;;      Locals:         0       0       0       0       0       0       0       0       0
   110 ;;      Temps:          0       0       0       0       0       0       0       0       0
   111 ;;      Totals:         0       0       0       0       0       0       0       0       0
   112 ;;Total ram usage:        0 bytes
   113 ;; Hardware stack levels required when called:    1
   114 ;; This function calls:
   115 ;;		_EEPROM_Read
   116 ;;		_EEPROM_Write
   117 ;; This function is called by:
   118 ;;		Startup code after reset
   119 ;; This function uses a non-reentrant model
   120 ;;
   121                           
   122                           	psect	text0
   123  007FE2                     __ptext0:
   124                           	callstack 0
   125  007FE2                     _main:
   126                           	callstack 30
   127  007FE2                     
   128                           ;Programa_principal.c: 14:     TRISD = 0x00;
   129  007FE2  0E00               	movlw	0
   130  007FE4  6E95               	movwf	149,c	;volatile
   131  007FE6                     
   132                           ;Programa_principal.c: 15:     EEPROM_Write(0x0F,0xAA);
   133  007FE6  0EAA               	movlw	170
   134  007FE8  6E01               	movwf	EEPROM_Write@dato^0,c
   135  007FEA  0E0F               	movlw	15
   136  007FEC  ECE2  F03F         	call	_EEPROM_Write
   137  007FF0                     
   138                           ;Programa_principal.c: 16:     LATD = EEPROM_Read(0x0F);
   139  007FF0  0E0F               	movlw	15
   140  007FF2  ECDA  F03F         	call	_EEPROM_Read
   141  007FF6  6E8C               	movwf	140,c	;volatile
   142  007FF8                     l13:
   143  007FF8  EFFC  F03F         	goto	l13
   144  007FFC  EF00  F000         	goto	start
   145  008000                     __end_of_main:
   146                           	callstack 0
   147                           
   148 ;; *************** function _EEPROM_Write *****************
   149 ;; Defined at:
   150 ;;		line 6 in file "EEPROM_Libreria.c"
   151 ;; Parameters:    Size  Location     Type
   152 ;;  dir             1    wreg     unsigned char 
   153 ;;  dato            1    0[COMRAM] unsigned char 
   154 ;; Auto vars:     Size  Location     Type
   155 ;;  dir             1    1[COMRAM] unsigned char 
   156 ;; Return value:  Size  Location     Type
   157 ;;                  1    wreg      void 
   158 ;; Registers used:
   159 ;;		wreg, status,2
   160 ;; Tracked objects:
   161 ;;		On entry : 0/0
   162 ;;		On exit  : 0/0
   163 ;;		Unchanged: 0/0
   164 ;; Data sizes:     COMRAM   BANK0   BANK1   BANK2   BANK3   BANK4   BANK5   BANK6   BANK7
   165 ;;      Params:         1       0       0       0       0       0       0       0       0
   166 ;;      Locals:         1       0       0       0       0       0       0       0       0
   167 ;;      Temps:          0       0       0       0       0       0       0       0       0
   168 ;;      Totals:         2       0       0       0       0       0       0       0       0
   169 ;;Total ram usage:        2 bytes
   170 ;; Hardware stack levels used:    1
   171 ;; This function calls:
   172 ;;		Nothing
   173 ;; This function is called by:
   174 ;;		_main
   175 ;; This function uses a non-reentrant model
   176 ;;
   177                           
   178                           	psect	text1
   179  007FC4                     __ptext1:
   180                           	callstack 0
   181  007FC4                     _EEPROM_Write:
   182                           	callstack 30
   183                           
   184                           ;incstack = 0
   185                           ;EEPROM_Write@dir stored from wreg
   186  007FC4  6E02               	movwf	EEPROM_Write@dir^0,c
   187  007FC6                     
   188                           ;EEPROM_Libreria.c: 7:     EEADR = dir;
   189  007FC6  C002  FFA9         	movff	EEPROM_Write@dir,4009	;volatile
   190  007FCA                     
   191                           ;EEPROM_Libreria.c: 8:     EEDATA = dato;
   192  007FCA  C001  FFA8         	movff	EEPROM_Write@dato,4008	;volatile
   193  007FCE                     
   194                           ;EEPROM_Libreria.c: 9:     EECON1bits.EEPGD = 0;
   195  007FCE  9EA6               	bcf	166,7,c	;volsfr
   196  007FD0                     
   197                           ;EEPROM_Libreria.c: 10:     EECON1bits.CFGS = 0;
   198  007FD0  9CA6               	bcf	166,6,c	;volsfr
   199  007FD2                     
   200                           ;EEPROM_Libreria.c: 11:     EECON1bits.WREN = 1;
   201  007FD2  84A6               	bsf	166,2,c	;volsfr
   202  007FD4                     
   203                           ;EEPROM_Libreria.c: 13:     EECON2 = 0x55;
   204  007FD4  0E55               	movlw	85
   205  007FD6  6EA7               	movwf	167,c	;volsfr
   206  007FD8                     
   207                           ;EEPROM_Libreria.c: 14:     EECON2 = 0xAA;
   208  007FD8  0EAA               	movlw	170
   209  007FDA  6EA7               	movwf	167,c	;volsfr
   210  007FDC                     
   211                           ;EEPROM_Libreria.c: 15:     EECON1bits.WR = 1;
   212  007FDC  82A6               	bsf	166,1,c	;volsfr
   213  007FDE                     
   214                           ;EEPROM_Libreria.c: 16:     EECON1bits.WREN = 0;
   215  007FDE  94A6               	bcf	166,2,c	;volsfr
   216  007FE0  0012               	return		;funcret
   217  007FE2                     __end_of_EEPROM_Write:
   218                           	callstack 0
   219                           
   220 ;; *************** function _EEPROM_Read *****************
   221 ;; Defined at:
   222 ;;		line 19 in file "EEPROM_Libreria.c"
   223 ;; Parameters:    Size  Location     Type
   224 ;;  dir             1    wreg     unsigned char 
   225 ;; Auto vars:     Size  Location     Type
   226 ;;  dir             1    0[COMRAM] unsigned char 
   227 ;; Return value:  Size  Location     Type
   228 ;;                  1    wreg      unsigned char 
   229 ;; Registers used:
   230 ;;		wreg, status,2
   231 ;; Tracked objects:
   232 ;;		On entry : 0/0
   233 ;;		On exit  : 0/0
   234 ;;		Unchanged: 0/0
   235 ;; Data sizes:     COMRAM   BANK0   BANK1   BANK2   BANK3   BANK4   BANK5   BANK6   BANK7
   236 ;;      Params:         0       0       0       0       0       0       0       0       0
   237 ;;      Locals:         1       0       0       0       0       0       0       0       0
   238 ;;      Temps:          0       0       0       0       0       0       0       0       0
   239 ;;      Totals:         1       0       0       0       0       0       0       0       0
   240 ;;Total ram usage:        1 bytes
   241 ;; Hardware stack levels used:    1
   242 ;; This function calls:
   243 ;;		Nothing
   244 ;; This function is called by:
   245 ;;		_main
   246 ;; This function uses a non-reentrant model
   247 ;;
   248                           
   249                           	psect	text2
   250  007FB4                     __ptext2:
   251                           	callstack 0
   252  007FB4                     _EEPROM_Read:
   253                           	callstack 30
   254                           
   255                           ;incstack = 0
   256                           ;EEPROM_Read@dir stored from wreg
   257  007FB4  6E01               	movwf	EEPROM_Read@dir^0,c
   258  007FB6                     
   259                           ;EEPROM_Libreria.c: 20:     EEADR = dir;
   260  007FB6  C001  FFA9         	movff	EEPROM_Read@dir,4009	;volatile
   261  007FBA                     
   262                           ;EEPROM_Libreria.c: 21:     EECON1bits.EEPGD = 0;
   263  007FBA  9EA6               	bcf	166,7,c	;volsfr
   264  007FBC                     
   265                           ;EEPROM_Libreria.c: 22:     EECON1bits.CFGS = 0;
   266  007FBC  9CA6               	bcf	166,6,c	;volsfr
   267  007FBE                     
   268                           ;EEPROM_Libreria.c: 23:     EECON1bits.RD = 1;
   269  007FBE  80A6               	bsf	166,0,c	;volsfr
   270  007FC0                     
   271                           ;EEPROM_Libreria.c: 24:     return EEDATA;
   272  007FC0  50A8               	movf	168,w,c	;volatile
   273  007FC2  0012               	return		;funcret
   274  007FC4                     __end_of_EEPROM_Read:
   275                           	callstack 0
   276  0000                     
   277                           	psect	rparam
   278  0000                     
   279                           	psect	idloc
   280                           
   281                           ;Config register IDLOC0 @ 0x200000
   282                           ;	unspecified, using default values
   283  200000                     	org	2097152
   284  200000  FF                 	db	255
   285                           
   286                           ;Config register IDLOC1 @ 0x200001
   287                           ;	unspecified, using default values
   288  200001                     	org	2097153
   289  200001  FF                 	db	255
   290                           
   291                           ;Config register IDLOC2 @ 0x200002
   292                           ;	unspecified, using default values
   293  200002                     	org	2097154
   294  200002  FF                 	db	255
   295                           
   296                           ;Config register IDLOC3 @ 0x200003
   297                           ;	unspecified, using default values
   298  200003                     	org	2097155
   299  200003  FF                 	db	255
   300                           
   301                           ;Config register IDLOC4 @ 0x200004
   302                           ;	unspecified, using default values
   303  200004                     	org	2097156
   304  200004  FF                 	db	255
   305                           
   306                           ;Config register IDLOC5 @ 0x200005
   307                           ;	unspecified, using default values
   308  200005                     	org	2097157
   309  200005  FF                 	db	255
   310                           
   311                           ;Config register IDLOC6 @ 0x200006
   312                           ;	unspecified, using default values
   313  200006                     	org	2097158
   314  200006  FF                 	db	255
   315                           
   316                           ;Config register IDLOC7 @ 0x200007
   317                           ;	unspecified, using default values
   318  200007                     	org	2097159
   319  200007  FF                 	db	255
   320                           
   321                           	psect	config
   322                           
   323                           ;Config register CONFIG1L @ 0x300000
   324                           ;	PLL Prescaler Selection bits
   325                           ;	PLLDIV = 1, No prescale (4 MHz oscillator input drives PLL directly)
   326                           ;	System Clock Postscaler Selection bits
   327                           ;	CPUDIV = OSC1_PLL2, [Primary Oscillator Src: /1][96 MHz PLL Src: /2]
   328                           ;	USB Clock Selection bit (used in Full-Speed USB mode only; UCFG:FSEN = 1)
   329                           ;	USBDIV = 1, USB clock source comes directly from the primary oscillator block with no 
      +                          postscale
   330  300000                     	org	3145728
   331  300000  00                 	db	0
   332                           
   333                           ;Config register CONFIG1H @ 0x300001
   334                           ;	Oscillator Selection bits
   335                           ;	FOSC = HS, HS oscillator (HS)
   336                           ;	Fail-Safe Clock Monitor Enable bit
   337                           ;	FCMEN = OFF, Fail-Safe Clock Monitor disabled
   338                           ;	Internal/External Oscillator Switchover bit
   339                           ;	IESO = OFF, Oscillator Switchover mode disabled
   340  300001                     	org	3145729
   341  300001  0C                 	db	12
   342                           
   343                           ;Config register CONFIG2L @ 0x300002
   344                           ;	Power-up Timer Enable bit
   345                           ;	PWRT = ON, PWRT enabled
   346                           ;	Brown-out Reset Enable bits
   347                           ;	BOR = OFF, Brown-out Reset disabled in hardware and software
   348                           ;	Brown-out Reset Voltage bits
   349                           ;	BORV = 3, Minimum setting 2.05V
   350                           ;	USB Voltage Regulator Enable bit
   351                           ;	VREGEN = OFF, USB voltage regulator disabled
   352  300002                     	org	3145730
   353  300002  18                 	db	24
   354                           
   355                           ;Config register CONFIG2H @ 0x300003
   356                           ;	Watchdog Timer Enable bit
   357                           ;	WDT = OFF, WDT disabled (control is placed on the SWDTEN bit)
   358                           ;	Watchdog Timer Postscale Select bits
   359                           ;	WDTPS = 32768, 1:32768
   360  300003                     	org	3145731
   361  300003  1E                 	db	30
   362                           
   363                           ; Padding undefined space
   364  300004                     	org	3145732
   365  300004  FF                 	db	255
   366                           
   367                           ;Config register CONFIG3H @ 0x300005
   368                           ;	CCP2 MUX bit
   369                           ;	CCP2MX = ON, CCP2 input/output is multiplexed with RC1
   370                           ;	PORTB A/D Enable bit
   371                           ;	PBADEN = OFF, PORTB<4:0> pins are configured as digital I/O on Reset
   372                           ;	Low-Power Timer 1 Oscillator Enable bit
   373                           ;	LPT1OSC = OFF, Timer1 configured for higher power operation
   374                           ;	MCLR Pin Enable bit
   375                           ;	MCLRE = ON, MCLR pin enabled; RE3 input pin disabled
   376  300005                     	org	3145733
   377  300005  81                 	db	129
   378                           
   379                           ;Config register CONFIG4L @ 0x300006
   380                           ;	Stack Full/Underflow Reset Enable bit
   381                           ;	STVREN = OFF, Stack full/underflow will not cause Reset
   382                           ;	Single-Supply ICSP Enable bit
   383                           ;	LVP = ON, Single-Supply ICSP enabled
   384                           ;	Dedicated In-Circuit Debug/Programming Port (ICPORT) Enable bit
   385                           ;	ICPRT = OFF, ICPORT disabled
   386                           ;	Extended Instruction Set Enable bit
   387                           ;	XINST = OFF, Instruction set extension and Indexed Addressing mode disabled (Legacy mo
      +                          de)
   388                           ;	Background Debugger Enable bit
   389                           ;	DEBUG = 0x1, unprogrammed default
   390  300006                     	org	3145734
   391  300006  84                 	db	132
   392                           
   393                           ; Padding undefined space
   394  300007                     	org	3145735
   395  300007  FF                 	db	255
   396                           
   397                           ;Config register CONFIG5L @ 0x300008
   398                           ;	Code Protection bit
   399                           ;	CP0 = OFF, Block 0 (000800-001FFFh) is not code-protected
   400                           ;	Code Protection bit
   401                           ;	CP1 = OFF, Block 1 (002000-003FFFh) is not code-protected
   402                           ;	Code Protection bit
   403                           ;	CP2 = OFF, Block 2 (004000-005FFFh) is not code-protected
   404                           ;	Code Protection bit
   405                           ;	CP3 = OFF, Block 3 (006000-007FFFh) is not code-protected
   406  300008                     	org	3145736
   407  300008  0F                 	db	15
   408                           
   409                           ;Config register CONFIG5H @ 0x300009
   410                           ;	Boot Block Code Protection bit
   411                           ;	CPB = OFF, Boot block (000000-0007FFh) is not code-protected
   412                           ;	Data EEPROM Code Protection bit
   413                           ;	CPD = OFF, Data EEPROM is not code-protected
   414  300009                     	org	3145737
   415  300009  C0                 	db	192
   416                           
   417                           ;Config register CONFIG6L @ 0x30000A
   418                           ;	Write Protection bit
   419                           ;	WRT0 = OFF, Block 0 (000800-001FFFh) is not write-protected
   420                           ;	Write Protection bit
   421                           ;	WRT1 = OFF, Block 1 (002000-003FFFh) is not write-protected
   422                           ;	Write Protection bit
   423                           ;	WRT2 = OFF, Block 2 (004000-005FFFh) is not write-protected
   424                           ;	Write Protection bit
   425                           ;	WRT3 = OFF, Block 3 (006000-007FFFh) is not write-protected
   426  30000A                     	org	3145738
   427  30000A  0F                 	db	15
   428                           
   429                           ;Config register CONFIG6H @ 0x30000B
   430                           ;	Configuration Register Write Protection bit
   431                           ;	WRTC = OFF, Configuration registers (300000-3000FFh) are not write-protected
   432                           ;	Boot Block Write Protection bit
   433                           ;	WRTB = OFF, Boot block (000000-0007FFh) is not write-protected
   434                           ;	Data EEPROM Write Protection bit
   435                           ;	WRTD = OFF, Data EEPROM is not write-protected
   436  30000B                     	org	3145739
   437  30000B  E0                 	db	224
   438                           
   439                           ;Config register CONFIG7L @ 0x30000C
   440                           ;	Table Read Protection bit
   441                           ;	EBTR0 = OFF, Block 0 (000800-001FFFh) is not protected from table reads executed in ot
      +                          her blocks
   442                           ;	Table Read Protection bit
   443                           ;	EBTR1 = OFF, Block 1 (002000-003FFFh) is not protected from table reads executed in ot
      +                          her blocks
   444                           ;	Table Read Protection bit
   445                           ;	EBTR2 = OFF, Block 2 (004000-005FFFh) is not protected from table reads executed in ot
      +                          her blocks
   446                           ;	Table Read Protection bit
   447                           ;	EBTR3 = OFF, Block 3 (006000-007FFFh) is not protected from table reads executed in ot
      +                          her blocks
   448  30000C                     	org	3145740
   449  30000C  0F                 	db	15
   450                           
   451                           ;Config register CONFIG7H @ 0x30000D
   452                           ;	Boot Block Table Read Protection bit
   453                           ;	EBTRB = OFF, Boot block (000000-0007FFh) is not protected from table reads executed in
      +                           other blocks
   454  30000D                     	org	3145741
   455  30000D  40                 	db	64
   456                           tosu	equ	0xFFF
   457                           tosh	equ	0xFFE
   458                           tosl	equ	0xFFD
   459                           stkptr	equ	0xFFC
   460                           pclatu	equ	0xFFB
   461                           pclath	equ	0xFFA
   462                           pcl	equ	0xFF9
   463                           tblptru	equ	0xFF8
   464                           tblptrh	equ	0xFF7
   465                           tblptrl	equ	0xFF6
   466                           tablat	equ	0xFF5
   467                           prodh	equ	0xFF4
   468                           prodl	equ	0xFF3
   469                           indf0	equ	0xFEF
   470                           postinc0	equ	0xFEE
   471                           postdec0	equ	0xFED
   472                           preinc0	equ	0xFEC
   473                           plusw0	equ	0xFEB
   474                           fsr0h	equ	0xFEA
   475                           fsr0l	equ	0xFE9
   476                           wreg	equ	0xFE8
   477                           indf1	equ	0xFE7
   478                           postinc1	equ	0xFE6
   479                           postdec1	equ	0xFE5
   480                           preinc1	equ	0xFE4
   481                           plusw1	equ	0xFE3
   482                           fsr1h	equ	0xFE2
   483                           fsr1l	equ	0xFE1
   484                           bsr	equ	0xFE0
   485                           indf2	equ	0xFDF
   486                           postinc2	equ	0xFDE
   487                           postdec2	equ	0xFDD
   488                           preinc2	equ	0xFDC
   489                           plusw2	equ	0xFDB
   490                           fsr2h	equ	0xFDA
   491                           fsr2l	equ	0xFD9
   492                           status	equ	0xFD8

Data Sizes:
    Strings     0
    Constant    0
    Data        0
    BSS         0
    Persistent  0
    Stack       0

Auto Spaces:
    Space          Size  Autos    Used
    COMRAM           95      2       2
    BANK0           160      0       0
    BANK1           256      0       0
    BANK2           256      0       0
    BANK3           256      0       0
    BANK4           256      0       0
    BANK5           256      0       0
    BANK6           256      0       0
    BANK7           256      0       0

Pointer List with Targets:

    None.

Critical Paths under _main in COMRAM

    _main->_EEPROM_Write

Critical Paths under _main in BANK0

    None.

Critical Paths under _main in BANK1

    None.

Critical Paths under _main in BANK2

    None.

Critical Paths under _main in BANK3

    None.

Critical Paths under _main in BANK4

    None.

Critical Paths under _main in BANK5

    None.

Critical Paths under _main in BANK6

    None.

Critical Paths under _main in BANK7

    None.

Call Graph Tables:

 ---------------------------------------------------------------------------------
 (Depth) Function   	        Calls       Base Space   Used Autos Params    Refs
 ---------------------------------------------------------------------------------
 (0) _main                                                 0     0      0     135
                        _EEPROM_Read
                       _EEPROM_Write
 ---------------------------------------------------------------------------------
 (1) _EEPROM_Write                                         2     1      1     120
                                              0 COMRAM     2     1      1
 ---------------------------------------------------------------------------------
 (1) _EEPROM_Read                                          1     1      0      15
                                              0 COMRAM     1     1      0
 ---------------------------------------------------------------------------------
 Estimated maximum stack depth 1
 ---------------------------------------------------------------------------------

 Call Graph Graphs:

 _main (ROOT)
   _EEPROM_Read
   _EEPROM_Write

 Address spaces:
Name               Size   Autos  Total    Cost      Usage
BITCOMRAM           5F      0       0       0        0.0%
EEDATA             100      0       0       0        0.0%
NULL                 0      0       0       0        0.0%
CODE                 0      0       0       0        0.0%
COMRAM              5F      2       2       1        2.1%
STACK                0      0       0       2        0.0%
DATA                 0      0       0       3        0.0%
BITBANK0            A0      0       0       4        0.0%
BANK0               A0      0       0       5        0.0%
BITBANK1           100      0       0       6        0.0%
BANK1              100      0       0       7        0.0%
BITBANK2           100      0       0       8        0.0%
BANK2              100      0       0       9        0.0%
BITBANK3           100      0       0      10        0.0%
BANK3              100      0       0      11        0.0%
BITBANK4           100      0       0      12        0.0%
BANK4              100      0       0      13        0.0%
BITBANK5           100      0       0      14        0.0%
BANK5              100      0       0      15        0.0%
BITBANK6           100      0       0      16        0.0%
BANK6              100      0       0      17        0.0%
BITBANK7           100      0       0      18        0.0%
BANK7              100      0       0      19        0.0%
ABS                  0      0       0      20        0.0%
BIGRAM             7FF      0       0      21        0.0%
BITSFR               0      0       0     200        0.0%
SFR                  0      0       0     200        0.0%


Microchip Technology PIC18 Macro Assembler V2.20 build 20200408173844 
Symbol Table                                                                                   Tue Feb 09 20:20:53 2021

                     l13 7FF8                       l30 7FC2                       l14 7FF8  
                     l27 7FE0                      l730 7FBE                      l732 7FC0  
                    l724 7FB6                      l726 7FBA                      l750 7FD2  
                    l742 7FC6                      l728 7FBC                      l752 7FD4  
                    l744 7FCA                      l760 7FE2                      l754 7FD8  
                    l746 7FCE                      l762 7FE6                      l756 7FDC  
                    l748 7FD0                      l764 7FF0                      l758 7FDE  
                   _LATD 000F8C                     _main 7FE2                     start 0000  
        EEPROM_Write@dir 0002             ___param_bank 000000     __end_of_EEPROM_Write 7FE2  
                  ?_main 0001                    _EEADR 000FA9                    _TRISD 000F95  
       EEPROM_Write@dato 0001     __size_of_EEPROM_Read 0010          __initialization 7FAE  
           __end_of_main 8000                   ??_main 0003            __activetblptr 000000  
                 _EEDATA 000FA8                   _EECON2 000FA7               __accesstop 0060  
__end_of__initialization 7FAE            ___rparam_used 000001    __size_of_EEPROM_Write 001E  
         __pcstackCOMRAM 0001             _EEPROM_Write 7FC4                  __Hparam 0000  
                __Lparam 0000                  __pcinit 7FAE                  __ramtop 0800  
                __ptext0 7FE2                  __ptext1 7FC4                  __ptext2 7FB4  
   end_of_initialization 7FAE            ??_EEPROM_Read 0001      __end_of_EEPROM_Read 7FC4  
    start_initialization 7FAE              _EEPROM_Read 7FB4               _EECON1bits 000FA6  
               __Hrparam 0000                 __Lrparam 0000            ?_EEPROM_Write 0001  
          __size_of_main 001E           ??_EEPROM_Write 0002             ?_EEPROM_Read 0001  
         EEPROM_Read@dir 0001  
